<?xml version="1.0" encoding="UTF-8"?>
<testsuite xmlns:xsi="http://www.w3.org/2001/XMLSchema-instance" xsi:noNamespaceSchemaLocation="https://maven.apache.org/surefire/maven-surefire-plugin/xsd/surefire-test-report.xsd" name="group.channel_pizza.service.ItemServiceTest" time="0.011" tests="3" errors="0" skipped="0" failures="0">
  <properties>
[...]
</properties>
  <testcase name="testSaveItem" classname="group.channel_pizza.service.ItemServiceTest" time="0"/>
  <testcase name="testGetAllItems" classname="group.channel_pizza.service.ItemServiceTest" time="0.001"/>
  <testcase name="testGetItem" classname="group.channel_pizza.service.ItemServiceTest" time="0.002"/>
</testsuite>